nohup: ignoring input
Watching for file changes with StatReloader
[13/Feb/2025 09:35:38] "OPTIONS /basicInfo/get/0/10 HTTP/1.1" 200 0
[13/Feb/2025 09:35:38] "GET /basicInfo/get/0/10 HTTP/1.1" 200 2212
Not Found: /
[13/Feb/2025 09:36:04] "GET / HTTP/1.1" 404 3056
[13/Feb/2025 09:36:21] "GET /basicInfo/get/0/10 HTTP/1.1" 200 2212
[13/Feb/2025 09:36:23] "OPTIONS /basicInfo/get/0/10 HTTP/1.1" 200 0
[13/Feb/2025 09:36:23] "GET /basicInfo/get/0/10 HTTP/1.1" 200 2212
[13/Feb/2025 09:36:26] "OPTIONS /basicInfo/get/1/10 HTTP/1.1" 200 0
[13/Feb/2025 09:36:26] "GET /basicInfo/get/1/10 HTTP/1.1" 200 2204
[13/Feb/2025 09:36:43] "GET /basicInfo/get/0/10 HTTP/1.1" 200 2212
[13/Feb/2025 09:36:45] "OPTIONS /patientInfo/get/103 HTTP/1.1" 200 0
[13/Feb/2025 09:36:45] "GET /patientInfo/get/103 HTTP/1.1" 200 2852
[13/Feb/2025 09:37:13] "GET /basicInfo/get/0/10 HTTP/1.1" 200 2212
Not Found: /
[13/Feb/2025 09:46:42] "GET / HTTP/1.1" 404 3056
Not Found: /185.65.245.140:7227
[13/Feb/2025 09:55:36] "CONNECT 185.65.245.140:7227 HTTP/1.1" 404 1811
[13/Feb/2025 09:55:36,510] - Broken pipe from ('87.121.86.84', 16024)

Not Found: /
[13/Feb/2025 10:45:58] "GET / HTTP/1.1" 404 3056
[13/Feb/2025 10:59:51] code 400, message Bad request version ('À#À¬À®À+À')
[13/Feb/2025 10:59:51] You're accessing the development server over HTTPS, but it only supports HTTP.

Not Found: /
[13/Feb/2025 10:59:55] "GET / HTTP/1.1" 404 3056
[13/Feb/2025 11:06:10] code 400, message Bad request version ('À#À¬À®À+À')
[13/Feb/2025 11:06:10] You're accessing the development server over HTTPS, but it only supports HTTP.

Not Found: /favicon.ico
[13/Feb/2025 11:06:12] "GET /favicon.ico HTTP/1.1" 404 3107
Not Found: /
[13/Feb/2025 11:31:50] "GET / HTTP/1.1" 404 3056
[13/Feb/2025 11:35:59] "OPTIONS /basicInfo/get/0/10 HTTP/1.1" 200 0
[13/Feb/2025 11:35:59] "GET /basicInfo/get/0/10 HTTP/1.1" 200 2212
Not Found: /
[13/Feb/2025 11:46:30] "GET / HTTP/1.1" 404 3056
Not Found: /
[13/Feb/2025 12:00:56] "GET / HTTP/1.1" 404 3056
Not Found: /favicon.ico
[13/Feb/2025 12:01:52] "GET /favicon.ico HTTP/1.1" 404 3107
Not Found: /http:/api.ipify.org/
[13/Feb/2025 12:02:26] "GET http://api.ipify.org/?format=json HTTP/1.1" 404 1818
Not Found: /www.shadowserver.org:443
[13/Feb/2025 12:02:50] "CONNECT www.shadowserver.org:443 HTTP/1.1" 404 1827
Not Found: /geoserver/web/
[13/Feb/2025 12:03:16] "GET /geoserver/web/ HTTP/1.1" 404 3116
Not Found: /
[13/Feb/2025 12:08:36] "GET / HTTP/1.1" 404 3056
Not Found: /
[13/Feb/2025 12:27:13] "GET / HTTP/1.1" 404 3056
